{"message":"[Fri Apr 26 2019 15:59:13 GMT-0300 (Hora oficial do Brasil)] Executing (default): CREATE TABLE IF NOT EXISTS `users` (`id` INTEGER PRIMARY KEY AUTOINCREMENT, `name` VARCHAR(255) NOT NULL, `password` VARCHAR(255) NOT NULL, `email` VARCHAR(255) NOT NULL UNIQUE, `created_at` DATETIME NOT NULL, `updated_at` DATETIME NOT NULL);","level":"info"}
{"message":"[Fri Apr 26 2019 15:59:13 GMT-0300 (Hora oficial do Brasil)] Executing (default): PRAGMA INDEX_LIST(`users`)","level":"info"}
{"message":"[Fri Apr 26 2019 15:59:13 GMT-0300 (Hora oficial do Brasil)] Executing (default): PRAGMA INDEX_INFO(`sqlite_autoindex_users_1`)","level":"info"}
{"message":"[Fri Apr 26 2019 15:59:13 GMT-0300 (Hora oficial do Brasil)] Executing (default): CREATE TABLE IF NOT EXISTS `tasks` (`id` INTEGER PRIMARY KEY AUTOINCREMENT, `title` VARCHAR(255) NOT NULL, `done` TINYINT(1) NOT NULL DEFAULT 0, `created_at` DATETIME NOT NULL, `updated_at` DATETIME NOT NULL, `user_id` INTEGER REFERENCES `users` (`id`) ON DELETE SET NULL ON UPDATE CASCADE);","level":"info"}
{"message":"[Fri Apr 26 2019 15:59:13 GMT-0300 (Hora oficial do Brasil)] Executing (default): PRAGMA INDEX_LIST(`tasks`)","level":"info"}
{"message":"::1 - - [26/Apr/2019:18:59:25 +0000] \"GET / HTTP/1.1\" 200 29\n","level":"info"}
{"message":"[Fri Apr 26 2019 16:04:12 GMT-0300 (Hora oficial do Brasil)] Executing (default): CREATE TABLE IF NOT EXISTS `users` (`id` INTEGER PRIMARY KEY AUTOINCREMENT, `name` VARCHAR(255) NOT NULL, `password` VARCHAR(255) NOT NULL, `email` VARCHAR(255) NOT NULL UNIQUE, `created_at` DATETIME NOT NULL, `updated_at` DATETIME NOT NULL);","level":"info"}
{"message":"[Fri Apr 26 2019 16:04:12 GMT-0300 (Hora oficial do Brasil)] Executing (default): CREATE TABLE IF NOT EXISTS `users` (`id` INTEGER PRIMARY KEY AUTOINCREMENT, `name` VARCHAR(255) NOT NULL, `password` VARCHAR(255) NOT NULL, `email` VARCHAR(255) NOT NULL UNIQUE, `created_at` DATETIME NOT NULL, `updated_at` DATETIME NOT NULL);","level":"info"}
{"message":"[Fri Apr 26 2019 16:04:12 GMT-0300 (Hora oficial do Brasil)] Executing (default): PRAGMA INDEX_LIST(`users`)","level":"info"}
{"message":"[Fri Apr 26 2019 16:04:12 GMT-0300 (Hora oficial do Brasil)] Executing (default): PRAGMA INDEX_LIST(`users`)","level":"info"}
{"message":"[Fri Apr 26 2019 16:04:12 GMT-0300 (Hora oficial do Brasil)] Executing (default): PRAGMA INDEX_INFO(`sqlite_autoindex_users_1`)","level":"info"}
{"message":"[Fri Apr 26 2019 16:04:12 GMT-0300 (Hora oficial do Brasil)] Executing (default): PRAGMA INDEX_INFO(`sqlite_autoindex_users_1`)","level":"info"}
{"message":"[Fri Apr 26 2019 16:04:12 GMT-0300 (Hora oficial do Brasil)] Executing (default): CREATE TABLE IF NOT EXISTS `tasks` (`id` INTEGER PRIMARY KEY AUTOINCREMENT, `title` VARCHAR(255) NOT NULL, `done` TINYINT(1) NOT NULL DEFAULT 0, `created_at` DATETIME NOT NULL, `updated_at` DATETIME NOT NULL, `user_id` INTEGER REFERENCES `users` (`id`) ON DELETE SET NULL ON UPDATE CASCADE);","level":"info"}
{"message":"[Fri Apr 26 2019 16:04:12 GMT-0300 (Hora oficial do Brasil)] Executing (default): PRAGMA INDEX_LIST(`tasks`)","level":"info"}
{"message":"[Fri Apr 26 2019 16:04:12 GMT-0300 (Hora oficial do Brasil)] Executing (default): CREATE TABLE IF NOT EXISTS `tasks` (`id` INTEGER PRIMARY KEY AUTOINCREMENT, `title` VARCHAR(255) NOT NULL, `done` TINYINT(1) NOT NULL DEFAULT 0, `created_at` DATETIME NOT NULL, `updated_at` DATETIME NOT NULL, `user_id` INTEGER REFERENCES `users` (`id`) ON DELETE SET NULL ON UPDATE CASCADE);","level":"info"}
{"message":"[Fri Apr 26 2019 16:04:12 GMT-0300 (Hora oficial do Brasil)] Executing (default): PRAGMA INDEX_LIST(`tasks`)","level":"info"}
{"message":"[Fri Apr 26 2019 16:04:12 GMT-0300 (Hora oficial do Brasil)] Executing (default): CREATE TABLE IF NOT EXISTS `users` (`id` INTEGER PRIMARY KEY AUTOINCREMENT, `name` VARCHAR(255) NOT NULL, `password` VARCHAR(255) NOT NULL, `email` VARCHAR(255) NOT NULL UNIQUE, `created_at` DATETIME NOT NULL, `updated_at` DATETIME NOT NULL);","level":"info"}
{"message":"[Fri Apr 26 2019 16:04:12 GMT-0300 (Hora oficial do Brasil)] Executing (default): PRAGMA INDEX_LIST(`users`)","level":"info"}
{"message":"[Fri Apr 26 2019 16:04:12 GMT-0300 (Hora oficial do Brasil)] Executing (default): PRAGMA INDEX_INFO(`sqlite_autoindex_users_1`)","level":"info"}
{"message":"[Fri Apr 26 2019 16:04:12 GMT-0300 (Hora oficial do Brasil)] Executing (default): CREATE TABLE IF NOT EXISTS `tasks` (`id` INTEGER PRIMARY KEY AUTOINCREMENT, `title` VARCHAR(255) NOT NULL, `done` TINYINT(1) NOT NULL DEFAULT 0, `created_at` DATETIME NOT NULL, `updated_at` DATETIME NOT NULL, `user_id` INTEGER REFERENCES `users` (`id`) ON DELETE SET NULL ON UPDATE CASCADE);","level":"info"}
{"message":"[Fri Apr 26 2019 16:04:12 GMT-0300 (Hora oficial do Brasil)] Executing (default): PRAGMA INDEX_LIST(`tasks`)","level":"info"}
{"message":"[Fri Apr 26 2019 16:04:12 GMT-0300 (Hora oficial do Brasil)] Executing (default): CREATE TABLE IF NOT EXISTS `users` (`id` INTEGER PRIMARY KEY AUTOINCREMENT, `name` VARCHAR(255) NOT NULL, `password` VARCHAR(255) NOT NULL, `email` VARCHAR(255) NOT NULL UNIQUE, `created_at` DATETIME NOT NULL, `updated_at` DATETIME NOT NULL);","level":"info"}
{"message":"[Fri Apr 26 2019 16:04:12 GMT-0300 (Hora oficial do Brasil)] Executing (default): PRAGMA INDEX_LIST(`users`)","level":"info"}
{"message":"[Fri Apr 26 2019 16:04:12 GMT-0300 (Hora oficial do Brasil)] Executing (default): PRAGMA INDEX_INFO(`sqlite_autoindex_users_1`)","level":"info"}
{"message":"[Fri Apr 26 2019 16:04:12 GMT-0300 (Hora oficial do Brasil)] Executing (default): CREATE TABLE IF NOT EXISTS `tasks` (`id` INTEGER PRIMARY KEY AUTOINCREMENT, `title` VARCHAR(255) NOT NULL, `done` TINYINT(1) NOT NULL DEFAULT 0, `created_at` DATETIME NOT NULL, `updated_at` DATETIME NOT NULL, `user_id` INTEGER REFERENCES `users` (`id`) ON DELETE SET NULL ON UPDATE CASCADE);","level":"info"}
{"message":"[Fri Apr 26 2019 16:04:12 GMT-0300 (Hora oficial do Brasil)] Executing (default): PRAGMA INDEX_LIST(`tasks`)","level":"info"}
{"message":"[Fri Apr 26 2019 16:13:18 GMT-0300 (Hora oficial do Brasil)] Executing (default): CREATE TABLE IF NOT EXISTS `users` (`id` INTEGER PRIMARY KEY AUTOINCREMENT, `name` VARCHAR(255) NOT NULL, `password` VARCHAR(255) NOT NULL, `email` VARCHAR(255) NOT NULL UNIQUE, `created_at` DATETIME NOT NULL, `updated_at` DATETIME NOT NULL);","level":"info"}
{"message":"[Fri Apr 26 2019 16:13:18 GMT-0300 (Hora oficial do Brasil)] Executing (default): CREATE TABLE IF NOT EXISTS `users` (`id` INTEGER PRIMARY KEY AUTOINCREMENT, `name` VARCHAR(255) NOT NULL, `password` VARCHAR(255) NOT NULL, `email` VARCHAR(255) NOT NULL UNIQUE, `created_at` DATETIME NOT NULL, `updated_at` DATETIME NOT NULL);","level":"info"}
{"message":"[Fri Apr 26 2019 16:13:18 GMT-0300 (Hora oficial do Brasil)] Executing (default): PRAGMA INDEX_LIST(`users`)","level":"info"}
{"message":"[Fri Apr 26 2019 16:13:18 GMT-0300 (Hora oficial do Brasil)] Executing (default): PRAGMA INDEX_LIST(`users`)","level":"info"}
{"message":"[Fri Apr 26 2019 16:13:18 GMT-0300 (Hora oficial do Brasil)] Executing (default): PRAGMA INDEX_INFO(`sqlite_autoindex_users_1`)","level":"info"}
{"message":"[Fri Apr 26 2019 16:13:18 GMT-0300 (Hora oficial do Brasil)] Executing (default): PRAGMA INDEX_INFO(`sqlite_autoindex_users_1`)","level":"info"}
{"message":"[Fri Apr 26 2019 16:13:18 GMT-0300 (Hora oficial do Brasil)] Executing (default): CREATE TABLE IF NOT EXISTS `tasks` (`id` INTEGER PRIMARY KEY AUTOINCREMENT, `title` VARCHAR(255) NOT NULL, `done` TINYINT(1) NOT NULL DEFAULT 0, `created_at` DATETIME NOT NULL, `updated_at` DATETIME NOT NULL, `user_id` INTEGER REFERENCES `users` (`id`) ON DELETE SET NULL ON UPDATE CASCADE);","level":"info"}
{"message":"[Fri Apr 26 2019 16:13:18 GMT-0300 (Hora oficial do Brasil)] Executing (default): CREATE TABLE IF NOT EXISTS `tasks` (`id` INTEGER PRIMARY KEY AUTOINCREMENT, `title` VARCHAR(255) NOT NULL, `done` TINYINT(1) NOT NULL DEFAULT 0, `created_at` DATETIME NOT NULL, `updated_at` DATETIME NOT NULL, `user_id` INTEGER REFERENCES `users` (`id`) ON DELETE SET NULL ON UPDATE CASCADE);","level":"info"}
{"message":"[Fri Apr 26 2019 16:13:18 GMT-0300 (Hora oficial do Brasil)] Executing (default): PRAGMA INDEX_LIST(`tasks`)","level":"info"}
{"message":"[Fri Apr 26 2019 16:13:18 GMT-0300 (Hora oficial do Brasil)] Executing (default): PRAGMA INDEX_LIST(`tasks`)","level":"info"}
{"message":"[Fri Apr 26 2019 16:13:18 GMT-0300 (Hora oficial do Brasil)] Executing (default): CREATE TABLE IF NOT EXISTS `users` (`id` INTEGER PRIMARY KEY AUTOINCREMENT, `name` VARCHAR(255) NOT NULL, `password` VARCHAR(255) NOT NULL, `email` VARCHAR(255) NOT NULL UNIQUE, `created_at` DATETIME NOT NULL, `updated_at` DATETIME NOT NULL);","level":"info"}
{"message":"[Fri Apr 26 2019 16:13:18 GMT-0300 (Hora oficial do Brasil)] Executing (default): PRAGMA INDEX_LIST(`users`)","level":"info"}
{"message":"[Fri Apr 26 2019 16:13:18 GMT-0300 (Hora oficial do Brasil)] Executing (default): CREATE TABLE IF NOT EXISTS `users` (`id` INTEGER PRIMARY KEY AUTOINCREMENT, `name` VARCHAR(255) NOT NULL, `password` VARCHAR(255) NOT NULL, `email` VARCHAR(255) NOT NULL UNIQUE, `created_at` DATETIME NOT NULL, `updated_at` DATETIME NOT NULL);","level":"info"}
{"message":"[Fri Apr 26 2019 16:13:18 GMT-0300 (Hora oficial do Brasil)] Executing (default): PRAGMA INDEX_INFO(`sqlite_autoindex_users_1`)","level":"info"}
{"message":"[Fri Apr 26 2019 16:13:18 GMT-0300 (Hora oficial do Brasil)] Executing (default): PRAGMA INDEX_LIST(`users`)","level":"info"}
{"message":"[Fri Apr 26 2019 16:13:18 GMT-0300 (Hora oficial do Brasil)] Executing (default): CREATE TABLE IF NOT EXISTS `tasks` (`id` INTEGER PRIMARY KEY AUTOINCREMENT, `title` VARCHAR(255) NOT NULL, `done` TINYINT(1) NOT NULL DEFAULT 0, `created_at` DATETIME NOT NULL, `updated_at` DATETIME NOT NULL, `user_id` INTEGER REFERENCES `users` (`id`) ON DELETE SET NULL ON UPDATE CASCADE);","level":"info"}
{"message":"[Fri Apr 26 2019 16:13:18 GMT-0300 (Hora oficial do Brasil)] Executing (default): PRAGMA INDEX_LIST(`tasks`)","level":"info"}
{"message":"[Fri Apr 26 2019 16:13:18 GMT-0300 (Hora oficial do Brasil)] Executing (default): PRAGMA INDEX_INFO(`sqlite_autoindex_users_1`)","level":"info"}
{"message":"[Fri Apr 26 2019 16:13:18 GMT-0300 (Hora oficial do Brasil)] Executing (default): CREATE TABLE IF NOT EXISTS `tasks` (`id` INTEGER PRIMARY KEY AUTOINCREMENT, `title` VARCHAR(255) NOT NULL, `done` TINYINT(1) NOT NULL DEFAULT 0, `created_at` DATETIME NOT NULL, `updated_at` DATETIME NOT NULL, `user_id` INTEGER REFERENCES `users` (`id`) ON DELETE SET NULL ON UPDATE CASCADE);","level":"info"}
{"message":"[Fri Apr 26 2019 16:13:18 GMT-0300 (Hora oficial do Brasil)] Executing (default): PRAGMA INDEX_LIST(`tasks`)","level":"info"}
{"message":"::1 - - [26/Apr/2019:19:13:35 +0000] \"GET / HTTP/1.1\" 200 29\n","level":"info"}
{"message":"::1 - - [26/Apr/2019:19:13:35 +0000] \"GET /favicon.ico HTTP/1.1\" 404 150\n","level":"info"}
{"message":"[Fri Apr 26 2019 16:15:44 GMT-0300 (Hora oficial do Brasil)] Executing (default): CREATE TABLE IF NOT EXISTS `users` (`id` INTEGER PRIMARY KEY AUTOINCREMENT, `name` VARCHAR(255) NOT NULL, `password` VARCHAR(255) NOT NULL, `email` VARCHAR(255) NOT NULL UNIQUE, `created_at` DATETIME NOT NULL, `updated_at` DATETIME NOT NULL);","level":"info"}
{"message":"[Fri Apr 26 2019 16:15:44 GMT-0300 (Hora oficial do Brasil)] Executing (default): PRAGMA INDEX_LIST(`users`)","level":"info"}
{"message":"[Fri Apr 26 2019 16:15:44 GMT-0300 (Hora oficial do Brasil)] Executing (default): PRAGMA INDEX_INFO(`sqlite_autoindex_users_1`)","level":"info"}
{"message":"[Fri Apr 26 2019 16:15:44 GMT-0300 (Hora oficial do Brasil)] Executing (default): CREATE TABLE IF NOT EXISTS `users` (`id` INTEGER PRIMARY KEY AUTOINCREMENT, `name` VARCHAR(255) NOT NULL, `password` VARCHAR(255) NOT NULL, `email` VARCHAR(255) NOT NULL UNIQUE, `created_at` DATETIME NOT NULL, `updated_at` DATETIME NOT NULL);","level":"info"}
{"message":"[Fri Apr 26 2019 16:15:44 GMT-0300 (Hora oficial do Brasil)] Executing (default): CREATE TABLE IF NOT EXISTS `tasks` (`id` INTEGER PRIMARY KEY AUTOINCREMENT, `title` VARCHAR(255) NOT NULL, `done` TINYINT(1) NOT NULL DEFAULT 0, `created_at` DATETIME NOT NULL, `updated_at` DATETIME NOT NULL, `user_id` INTEGER REFERENCES `users` (`id`) ON DELETE SET NULL ON UPDATE CASCADE);","level":"info"}
{"message":"[Fri Apr 26 2019 16:15:44 GMT-0300 (Hora oficial do Brasil)] Executing (default): PRAGMA INDEX_LIST(`tasks`)","level":"info"}
{"message":"[Fri Apr 26 2019 16:15:44 GMT-0300 (Hora oficial do Brasil)] Executing (default): PRAGMA INDEX_LIST(`users`)","level":"info"}
{"message":"[Fri Apr 26 2019 16:15:44 GMT-0300 (Hora oficial do Brasil)] Executing (default): PRAGMA INDEX_INFO(`sqlite_autoindex_users_1`)","level":"info"}
{"message":"[Fri Apr 26 2019 16:15:44 GMT-0300 (Hora oficial do Brasil)] Executing (default): CREATE TABLE IF NOT EXISTS `tasks` (`id` INTEGER PRIMARY KEY AUTOINCREMENT, `title` VARCHAR(255) NOT NULL, `done` TINYINT(1) NOT NULL DEFAULT 0, `created_at` DATETIME NOT NULL, `updated_at` DATETIME NOT NULL, `user_id` INTEGER REFERENCES `users` (`id`) ON DELETE SET NULL ON UPDATE CASCADE);","level":"info"}
{"message":"[Fri Apr 26 2019 16:15:44 GMT-0300 (Hora oficial do Brasil)] Executing (default): PRAGMA INDEX_LIST(`tasks`)","level":"info"}
{"message":"[Fri Apr 26 2019 16:15:44 GMT-0300 (Hora oficial do Brasil)] Executing (default): CREATE TABLE IF NOT EXISTS `users` (`id` INTEGER PRIMARY KEY AUTOINCREMENT, `name` VARCHAR(255) NOT NULL, `password` VARCHAR(255) NOT NULL, `email` VARCHAR(255) NOT NULL UNIQUE, `created_at` DATETIME NOT NULL, `updated_at` DATETIME NOT NULL);","level":"info"}
{"message":"[Fri Apr 26 2019 16:15:44 GMT-0300 (Hora oficial do Brasil)] Executing (default): PRAGMA INDEX_LIST(`users`)","level":"info"}
{"message":"[Fri Apr 26 2019 16:15:44 GMT-0300 (Hora oficial do Brasil)] Executing (default): PRAGMA INDEX_INFO(`sqlite_autoindex_users_1`)","level":"info"}
{"message":"[Fri Apr 26 2019 16:15:44 GMT-0300 (Hora oficial do Brasil)] Executing (default): CREATE TABLE IF NOT EXISTS `users` (`id` INTEGER PRIMARY KEY AUTOINCREMENT, `name` VARCHAR(255) NOT NULL, `password` VARCHAR(255) NOT NULL, `email` VARCHAR(255) NOT NULL UNIQUE, `created_at` DATETIME NOT NULL, `updated_at` DATETIME NOT NULL);","level":"info"}
{"message":"[Fri Apr 26 2019 16:15:44 GMT-0300 (Hora oficial do Brasil)] Executing (default): CREATE TABLE IF NOT EXISTS `tasks` (`id` INTEGER PRIMARY KEY AUTOINCREMENT, `title` VARCHAR(255) NOT NULL, `done` TINYINT(1) NOT NULL DEFAULT 0, `created_at` DATETIME NOT NULL, `updated_at` DATETIME NOT NULL, `user_id` INTEGER REFERENCES `users` (`id`) ON DELETE SET NULL ON UPDATE CASCADE);","level":"info"}
{"message":"[Fri Apr 26 2019 16:15:44 GMT-0300 (Hora oficial do Brasil)] Executing (default): PRAGMA INDEX_LIST(`tasks`)","level":"info"}
{"message":"[Fri Apr 26 2019 16:15:44 GMT-0300 (Hora oficial do Brasil)] Executing (default): PRAGMA INDEX_LIST(`users`)","level":"info"}
{"message":"[Fri Apr 26 2019 16:15:44 GMT-0300 (Hora oficial do Brasil)] Executing (default): PRAGMA INDEX_INFO(`sqlite_autoindex_users_1`)","level":"info"}
{"message":"[Fri Apr 26 2019 16:15:44 GMT-0300 (Hora oficial do Brasil)] Executing (default): CREATE TABLE IF NOT EXISTS `tasks` (`id` INTEGER PRIMARY KEY AUTOINCREMENT, `title` VARCHAR(255) NOT NULL, `done` TINYINT(1) NOT NULL DEFAULT 0, `created_at` DATETIME NOT NULL, `updated_at` DATETIME NOT NULL, `user_id` INTEGER REFERENCES `users` (`id`) ON DELETE SET NULL ON UPDATE CASCADE);","level":"info"}
{"message":"[Fri Apr 26 2019 16:15:44 GMT-0300 (Hora oficial do Brasil)] Executing (default): PRAGMA INDEX_LIST(`tasks`)","level":"info"}
{"message":"::1 - - [26/Apr/2019:19:16:01 +0000] \"GET / HTTP/1.1\" 200 29\n","level":"info"}
{"message":"::1 - - [26/Apr/2019:19:16:13 +0000] \"GET / HTTP/1.1\" 200 29\n","level":"info"}
